2025-05-16 18:25:50 INFO  c.g.m.myblog.MyBlogApplication - Starting MyBlogApplication using Java 21.0.6 with PID 3179 (/Users/maksim/Desktop/myblog_gradle/build/classes/java/main started by maksim in /Users/maksim/Desktop/myblog_gradle)
2025-05-16 18:25:50 INFO  c.g.m.myblog.MyBlogApplication - No active profile set, falling back to 1 default profile: "default"
2025-05-16 18:25:51 INFO  o.s.d.r.c.RepositoryConfigurationDelegate - Bootstrapping Spring Data JDBC repositories in DEFAULT mode.
2025-05-16 18:25:51 INFO  o.s.d.r.c.RepositoryConfigurationDelegate - Finished Spring Data repository scanning in 8 ms. Found 0 JDBC repository interfaces.
2025-05-16 18:25:51 INFO  o.s.b.w.e.tomcat.TomcatWebServer - Tomcat initialized with port 8080 (http)
2025-05-16 18:25:51 INFO  o.a.coyote.http11.Http11NioProtocol - Initializing ProtocolHandler ["http-nio-8080"]
2025-05-16 18:25:51 INFO  o.a.catalina.core.StandardService - Starting service [Tomcat]
2025-05-16 18:25:51 INFO  o.a.catalina.core.StandardEngine - Starting Servlet engine: [Apache Tomcat/10.1.40]
2025-05-16 18:25:51 INFO  o.a.c.c.C.[Tomcat].[localhost].[/] - Initializing Spring embedded WebApplicationContext
2025-05-16 18:25:51 INFO  o.s.b.w.s.c.ServletWebServerApplicationContext - Root WebApplicationContext: initialization completed in 816 ms
2025-05-16 18:25:51 INFO  com.zaxxer.hikari.HikariDataSource - HikariPool-1 - Starting...
2025-05-16 18:25:51 INFO  com.zaxxer.hikari.pool.HikariPool - HikariPool-1 - Added connection conn0: url=jdbc:h2:mem:testdb user=SA
2025-05-16 18:25:51 INFO  com.zaxxer.hikari.HikariDataSource - HikariPool-1 - Start completed.
2025-05-16 18:25:52 INFO  o.s.w.s.a.s.AnnotationActionEndpointMapping - Supporting [WS-Addressing August 2004, WS-Addressing 1.0]
2025-05-16 18:25:52 INFO  o.s.b.a.e.web.EndpointLinksResolver - Exposing 1 endpoint beneath base path '/actuator'
2025-05-16 18:25:52 INFO  o.a.coyote.http11.Http11NioProtocol - Starting ProtocolHandler ["http-nio-8080"]
2025-05-16 18:25:52 INFO  o.s.b.w.e.tomcat.TomcatWebServer - Tomcat started on port 8080 (http) with context path '/'
2025-05-16 18:25:52 INFO  c.g.m.myblog.MyBlogApplication - Started MyBlogApplication in 1.783 seconds (process running for 2.303)
2025-05-16 18:26:08 INFO  o.a.c.c.C.[Tomcat].[localhost].[/] - Initializing Spring DispatcherServlet 'dispatcherServlet'
2025-05-16 18:26:08 INFO  o.s.web.servlet.DispatcherServlet - Initializing Servlet 'dispatcherServlet'
2025-05-16 18:26:08 INFO  o.s.web.servlet.DispatcherServlet - Completed initialization in 1 ms
2025-05-16 18:26:08 INFO  c.g.m.m.controller.HomeController - /posts new request
2025-05-16 18:27:38 INFO  c.g.m.m.controller.HomeController - /posts new request
